# JRE version: Java(TM) SE Runtime Environment (18.0.2.1+1) (build 18.0.2.1+1-1)
# Java VM: Java HotSpot(TM) 64-Bit Server VM (18.0.2.1+1-1, mixed mode, sharing, tiered, compressed oops, compressed class ptrs, g1 gc, windows-amd64)
GC Precious Log:
 CardTable entry size: 512
 Card Set container configuration: InlinePtr #cards 5 size 8 Array Of Cards #cards 12 size 40 Howl #buckets 4 coarsen threshold 1843 Howl Bitmap #cards 512 size 80 coarsen threshold 460 Card regions per heap region 1 cards per card region 2048
 CPUs: 8 total, 8 available
 Memory: 8007M
 Large Page Support: Disabled
 NUMA Support: Disabled
 Compressed Oops: Enabled (32-bit)
 Heap Region Size: 1M
 Heap Min Capacity: 8M
 Heap Initial Capacity: 126M
 Heap Max Capacity: 2G
 Pre-touch: Disabled
 Parallel Workers: 8
 Concurrent Workers: 2
 Concurrent Refinement Workers: 8
 Periodic GC: Disabled
Heap:
 garbage-first heap   total 145408K, used 102474K [0x0000000080000000, 0x0000000100000000)
  region size 1024K, 27 young (27648K), 2 survivors (2048K)
 Metaspace       used 76336K, committed 78336K, reserved 552960K
  class space    used 10431K, committed 11456K, reserved 421888K
GC Heap History (20 events):
Event: 12.590 GC heap before
{Heap before GC invocations=13 (full 0):
 garbage-first heap   total 78848K, used 45093K [0x0000000080000000, 0x0000000100000000)
  region size 1024K, 12 young (12288K), 4 survivors (4096K)
 Metaspace       used 44156K, committed 45760K, reserved 487424K
  class space    used 6221K, committed 7040K, reserved 421888K
}
Event: 12.594 GC heap after
{Heap after GC invocations=14 (full 0):
 garbage-first heap   total 131072K, used 40072K [0x0000000080000000, 0x0000000100000000)
  region size 1024K, 3 young (3072K), 3 survivors (3072K)
 Metaspace       used 44156K, committed 45760K, reserved 487424K
  class space    used 6221K, committed 7040K, reserved 421888K
}
Event: 13.653 GC heap before
{Heap before GC invocations=14 (full 0):
 garbage-first heap   total 131072K, used 104584K [0x0000000080000000, 0x0000000100000000)
  region size 1024K, 63 young (64512K), 3 survivors (3072K)
 Metaspace       used 51964K, committed 53760K, reserved 487424K
  class space    used 7328K, committed 8256K, reserved 421888K
}
Event: 13.659 GC heap after
{Heap after GC invocations=15 (full 0):
 garbage-first heap   total 131072K, used 48982K [0x0000000080000000, 0x0000000100000000)
  region size 1024K, 8 young (8192K), 8 survivors (8192K)
 Metaspace       used 51964K, committed 53760K, reserved 487424K
  class space    used 7328K, committed 8256K, reserved 421888K
}
Event: 14.547 GC heap before
{Heap before GC invocations=15 (full 0):
 garbage-first heap   total 131072K, used 103254K [0x0000000080000000, 0x0000000100000000)
  region size 1024K, 61 young (62464K), 8 survivors (8192K)
 Metaspace       used 58089K, committed 59904K, reserved 487424K
  class space    used 8119K, committed 9024K, reserved 421888K
}
Event: 14.555 GC heap after
{Heap after GC invocations=16 (full 0):
 garbage-first heap   total 131072K, used 52803K [0x0000000080000000, 0x0000000100000000)
  region size 1024K, 4 young (4096K), 4 survivors (4096K)
 Metaspace       used 58089K, committed 59904K, reserved 487424K
  class space    used 8119K, committed 9024K, reserved 421888K
}
Event: 14.596 GC heap before
{Heap before GC invocations=16 (full 0):
 garbage-first heap   total 131072K, used 54851K [0x0000000080000000, 0x0000000100000000)
  region size 1024K, 7 young (7168K), 4 survivors (4096K)
 Metaspace       used 58508K, committed 60288K, reserved 487424K
  class space    used 8186K, committed 9088K, reserved 421888K
}
Event: 14.599 GC heap after
{Heap after GC invocations=17 (full 0):
 garbage-first heap   total 131072K, used 53428K [0x0000000080000000, 0x0000000100000000)
  region size 1024K, 1 young (1024K), 1 survivors (1024K)
 Metaspace       used 58508K, committed 60288K, reserved 487424K
  class space    used 8186K, committed 9088K, reserved 421888K
}
Event: 15.627 GC heap before
{Heap before GC invocations=18 (full 0):
 garbage-first heap   total 131072K, used 106676K [0x0000000080000000, 0x0000000100000000)
  region size 1024K, 53 young (54272K), 1 survivors (1024K)
 Metaspace       used 61801K, committed 63680K, reserved 487424K
  class space    used 8703K, committed 9664K, reserved 421888K
}
Event: 15.635 GC heap after
{Heap after GC invocations=19 (full 0):
 garbage-first heap   total 131072K, used 58225K [0x0000000080000000, 0x0000000100000000)
  region size 1024K, 6 young (6144K), 6 survivors (6144K)
 Metaspace       used 61801K, committed 63680K, reserved 487424K
  class space    used 8703K, committed 9664K, reserved 421888K
}
Event: 16.838 GC heap before
{Heap before GC invocations=19 (full 0):
 garbage-first heap   total 131072K, used 106353K [0x0000000080000000, 0x0000000100000000)
  region size 1024K, 52 young (53248K), 6 survivors (6144K)
 Metaspace       used 64813K, committed 66688K, reserved 487424K
  class space    used 9077K, committed 10048K, reserved 421888K
}
Event: 16.849 GC heap after
{Heap after GC invocations=20 (full 0):
 garbage-first heap   total 131072K, used 65982K [0x0000000080000000, 0x0000000100000000)
  region size 1024K, 7 young (7168K), 7 survivors (7168K)
 Metaspace       used 64813K, committed 66688K, reserved 487424K
  class space    used 9077K, committed 10048K, reserved 421888K
}
Event: 17.526 GC heap before
{Heap before GC invocations=20 (full 0):
 garbage-first heap   total 131072K, used 95678K [0x0000000080000000, 0x0000000100000000)
  region size 1024K, 37 young (37888K), 7 survivors (7168K)
 Metaspace       used 68894K, committed 70848K, reserved 487424K
  class space    used 9504K, committed 10496K, reserved 421888K
}
Event: 17.533 GC heap after
{Heap after GC invocations=21 (full 0):
 garbage-first heap   total 131072K, used 70153K [0x0000000080000000, 0x0000000100000000)
  region size 1024K, 5 young (5120K), 5 survivors (5120K)
 Metaspace       used 68894K, committed 70848K, reserved 487424K
  class space    used 9504K, committed 10496K, reserved 421888K
}
Event: 18.020 GC heap before
{Heap before GC invocations=22 (full 0):
 garbage-first heap   total 131072K, used 85513K [0x0000000080000000, 0x0000000100000000)
  region size 1024K, 20 young (20480K), 5 survivors (5120K)
 Metaspace       used 71435K, committed 73344K, reserved 487424K
  class space    used 9783K, committed 10816K, reserved 421888K
}
Event: 18.025 GC heap after
{Heap after GC invocations=23 (full 0):
 garbage-first heap   total 131072K, used 72424K [0x0000000080000000, 0x0000000100000000)
  region size 1024K, 4 young (4096K), 4 survivors (4096K)
 Metaspace       used 71435K, committed 73344K, reserved 487424K
  class space    used 9783K, committed 10816K, reserved 421888K
}
Event: 18.643 GC heap before
{Heap before GC invocations=24 (full 0):
 garbage-first heap   total 145408K, used 105192K [0x0000000080000000, 0x0000000100000000)
  region size 1024K, 30 young (30720K), 4 survivors (4096K)
 Metaspace       used 72995K, committed 74944K, reserved 487424K
  class space    used 9990K, committed 11008K, reserved 421888K
}
Event: 18.651 GC heap after
{Heap after GC invocations=25 (full 0):
 garbage-first heap   total 145408K, used 75043K [0x0000000080000000, 0x0000000100000000)
  region size 1024K, 4 young (4096K), 4 survivors (4096K)
 Metaspace       used 72995K, committed 74944K, reserved 487424K
  class space    used 9990K, committed 11008K, reserved 421888K
}
Event: 19.160 GC heap before
{Heap before GC invocations=25 (full 0):
 garbage-first heap   total 145408K, used 97571K [0x0000000080000000, 0x0000000100000000)
  region size 1024K, 27 young (27648K), 4 survivors (4096K)
 Metaspace       used 75164K, committed 77184K, reserved 552960K
  class space    used 10242K, committed 11264K, reserved 421888K
}
Event: 19.166 GC heap after
{Heap after GC invocations=26 (full 0):
 garbage-first heap   total 145408K, used 76874K [0x0000000080000000, 0x0000000100000000)
  region size 1024K, 2 young (2048K), 2 survivors (2048K)
 Metaspace       used 75164K, committed 77184K, reserved 552960K
  class space    used 10242K, committed 11264K, reserved 421888K
}

