# JRE version: Java(TM) SE Runtime Environment (18.0.2.1+1) (build 18.0.2.1+1-1)
# Java VM: Java HotSpot(TM) 64-Bit Server VM (18.0.2.1+1-1, mixed mode, sharing, tiered, compressed oops, compressed class ptrs, g1 gc, windows-amd64)
GC Precious Log:
 CardTable entry size: 512
 Card Set container configuration: InlinePtr #cards 5 size 8 Array Of Cards #cards 12 size 40 Howl #buckets 4 coarsen threshold 1843 Howl Bitmap #cards 512 size 80 coarsen threshold 460 Card regions per heap region 1 cards per card region 2048
 CPUs: 8 total, 8 available
 Memory: 8007M
 Large Page Support: Disabled
 NUMA Support: Disabled
 Compressed Oops: Enabled (32-bit)
 Heap Region Size: 1M
 Heap Min Capacity: 8M
 Heap Initial Capacity: 126M
 Heap Max Capacity: 2G
 Pre-touch: Disabled
 Parallel Workers: 8
 Concurrent Workers: 2
 Concurrent Refinement Workers: 8
 Periodic GC: Disabled
Heap:
 garbage-first heap   total 158720K, used 111967K [0x0000000080000000, 0x0000000100000000)
  region size 1024K, 54 young (55296K), 8 survivors (8192K)
 Metaspace       used 68668K, committed 70592K, reserved 487424K
  class space    used 9506K, committed 10496K, reserved 421888K
GC Heap History (20 events):
Event: 12.050 GC heap before
{Heap before GC invocations=10 (full 0):
 garbage-first heap   total 81920K, used 61768K [0x0000000080000000, 0x0000000100000000)
  region size 1024K, 27 young (27648K), 2 survivors (2048K)
 Metaspace       used 40368K, committed 41856K, reserved 487424K
  class space    used 5681K, committed 6400K, reserved 421888K
}
Event: 12.053 GC heap after
{Heap after GC invocations=11 (full 0):
 garbage-first heap   total 98304K, used 37814K [0x0000000080000000, 0x0000000100000000)
  region size 1024K, 4 young (4096K), 4 survivors (4096K)
 Metaspace       used 40368K, committed 41856K, reserved 487424K
  class space    used 5681K, committed 6400K, reserved 421888K
}
Event: 12.633 GC heap before
{Heap before GC invocations=11 (full 0):
 garbage-first heap   total 98304K, used 80822K [0x0000000080000000, 0x0000000100000000)
  region size 1024K, 41 young (41984K), 4 survivors (4096K)
 Metaspace       used 44233K, committed 45824K, reserved 487424K
  class space    used 6236K, committed 7040K, reserved 421888K
}
Event: 12.638 GC heap after
{Heap after GC invocations=12 (full 0):
 garbage-first heap   total 98304K, used 47865K [0x0000000080000000, 0x0000000100000000)
  region size 1024K, 6 young (6144K), 6 survivors (6144K)
 Metaspace       used 44233K, committed 45824K, reserved 487424K
  class space    used 6236K, committed 7040K, reserved 421888K
}
Event: 13.128 GC heap before
{Heap before GC invocations=12 (full 0):
 garbage-first heap   total 98304K, used 76537K [0x0000000080000000, 0x0000000100000000)
  region size 1024K, 34 young (34816K), 6 survivors (6144K)
 Metaspace       used 48762K, committed 50560K, reserved 487424K
  class space    used 6874K, committed 7808K, reserved 421888K
}
Event: 13.133 GC heap after
{Heap after GC invocations=13 (full 0):
 garbage-first heap   total 98304K, used 50101K [0x0000000080000000, 0x0000000100000000)
  region size 1024K, 3 young (3072K), 3 survivors (3072K)
 Metaspace       used 48762K, committed 50560K, reserved 487424K
  class space    used 6874K, committed 7808K, reserved 421888K
}
Event: 13.529 GC heap before
{Heap before GC invocations=13 (full 0):
 garbage-first heap   total 98304K, used 77749K [0x0000000080000000, 0x0000000100000000)
  region size 1024K, 30 young (30720K), 3 survivors (3072K)
 Metaspace       used 51798K, committed 53632K, reserved 487424K
  class space    used 7313K, committed 8256K, reserved 421888K
}
Event: 13.532 GC heap after
{Heap after GC invocations=14 (full 0):
 garbage-first heap   total 98304K, used 51402K [0x0000000080000000, 0x0000000100000000)
  region size 1024K, 4 young (4096K), 4 survivors (4096K)
 Metaspace       used 51798K, committed 53632K, reserved 487424K
  class space    used 7313K, committed 8256K, reserved 421888K
}
Event: 13.852 GC heap before
{Heap before GC invocations=15 (full 0):
 garbage-first heap   total 98304K, used 78026K [0x0000000080000000, 0x0000000100000000)
  region size 1024K, 30 young (30720K), 4 survivors (4096K)
 Metaspace       used 55197K, committed 57024K, reserved 487424K
  class space    used 7773K, committed 8704K, reserved 421888K
}
Event: 13.856 GC heap after
{Heap after GC invocations=16 (full 0):
 garbage-first heap   total 98304K, used 53374K [0x0000000080000000, 0x0000000100000000)
  region size 1024K, 4 young (4096K), 4 survivors (4096K)
 Metaspace       used 55197K, committed 57024K, reserved 487424K
  class space    used 7773K, committed 8704K, reserved 421888K
}
Event: 13.869 GC heap before
{Heap before GC invocations=16 (full 0):
 garbage-first heap   total 98304K, used 54398K [0x0000000080000000, 0x0000000100000000)
  region size 1024K, 5 young (5120K), 4 survivors (4096K)
 Metaspace       used 55344K, committed 57152K, reserved 487424K
  class space    used 7797K, committed 8704K, reserved 421888K
}
Event: 13.872 GC heap after
{Heap after GC invocations=17 (full 0):
 garbage-first heap   total 98304K, used 53809K [0x0000000080000000, 0x0000000100000000)
  region size 1024K, 1 young (1024K), 1 survivors (1024K)
 Metaspace       used 55344K, committed 57152K, reserved 487424K
  class space    used 7797K, committed 8704K, reserved 421888K
}
Event: 14.210 GC heap before
{Heap before GC invocations=17 (full 0):
 garbage-first heap   total 98304K, used 79409K [0x0000000080000000, 0x0000000100000000)
  region size 1024K, 27 young (27648K), 1 survivors (1024K)
 Metaspace       used 57682K, committed 59520K, reserved 487424K
  class space    used 8086K, committed 9024K, reserved 421888K
}
Event: 14.213 GC heap after
{Heap after GC invocations=18 (full 0):
 garbage-first heap   total 98304K, used 55225K [0x0000000080000000, 0x0000000100000000)
  region size 1024K, 3 young (3072K), 3 survivors (3072K)
 Metaspace       used 57682K, committed 59520K, reserved 487424K
  class space    used 8086K, committed 9024K, reserved 421888K
}
Event: 14.483 GC heap before
{Heap before GC invocations=19 (full 0):
 garbage-first heap   total 99328K, used 79801K [0x0000000080000000, 0x0000000100000000)
  region size 1024K, 27 young (27648K), 3 survivors (3072K)
 Metaspace       used 59446K, committed 61312K, reserved 487424K
  class space    used 8372K, committed 9344K, reserved 421888K
}
Event: 14.487 GC heap after
{Heap after GC invocations=20 (full 0):
 garbage-first heap   total 99328K, used 57270K [0x0000000080000000, 0x0000000100000000)
  region size 1024K, 4 young (4096K), 4 survivors (4096K)
 Metaspace       used 59446K, committed 61312K, reserved 487424K
  class space    used 8372K, committed 9344K, reserved 421888K
}
Event: 14.497 GC heap before
{Heap before GC invocations=20 (full 0):
 garbage-first heap   total 99328K, used 58294K [0x0000000080000000, 0x0000000100000000)
  region size 1024K, 5 young (5120K), 4 survivors (4096K)
 Metaspace       used 59520K, committed 61376K, reserved 487424K
  class space    used 8385K, committed 9344K, reserved 421888K
}
Event: 14.502 GC heap after
{Heap after GC invocations=21 (full 0):
 garbage-first heap   total 158720K, used 56887K [0x0000000080000000, 0x0000000100000000)
  region size 1024K, 1 young (1024K), 1 survivors (1024K)
 Metaspace       used 59520K, committed 61376K, reserved 487424K
  class space    used 8385K, committed 9344K, reserved 421888K
}
Event: 15.632 GC heap before
{Heap before GC invocations=21 (full 0):
 garbage-first heap   total 158720K, used 128567K [0x0000000080000000, 0x0000000100000000)
  region size 1024K, 72 young (73728K), 1 survivors (1024K)
 Metaspace       used 64447K, committed 66368K, reserved 487424K
  class space    used 9054K, committed 10048K, reserved 421888K
}
Event: 15.640 GC heap after
{Heap after GC invocations=22 (full 0):
 garbage-first heap   total 158720K, used 63839K [0x0000000080000000, 0x0000000100000000)
  region size 1024K, 8 young (8192K), 8 survivors (8192K)
 Metaspace       used 64447K, committed 66368K, reserved 487424K
  class space    used 9054K, committed 10048K, reserved 421888K
}

